#
# A fatal error has been detected by the Java Runtime Environment:
#
#  EXCEPTION_ACCESS_VIOLATION (0xc0000005) at pc=0x00000201106312e7, pid=11760, tid=19964
#
# JRE version: OpenJDK Runtime Environment Corretto-11.0.22.7.1 (11.0.22+7) (build 11.0.22+7-LTS)
# Java VM: OpenJDK 64-Bit Server VM Corretto-11.0.22.7.1 (11.0.22+7-LTS, mixed mode, tiered, compressed oops, g1 gc, windows-amd64)
# Problematic frame:
# v  ~StubRoutines::get_previous_fp
#
# No core dump will be written. Minidumps are not enabled by default on client versions of Windows
#
# If you would like to submit a bug report, please visit:
#   https://github.com/corretto/corretto-11/issues/
#

---------------  S U M M A R Y ------------

Command Line: -javaagent:C:\\Users\\катя\\.m2\\repository\\org\\jacoco\\org.jacoco.agent\\0.8.5\\org.jacoco.agent-0.8.5-runtime.jar=destfile=C:\\Users\\катя\\IdeaProjects\\homework.8\\target\\jacoco.exec C:\Users\916C~1\AppData\Local\Temp\surefire11756593515345508238\surefirebooter2031336466261224214.jar C:\Users\катя\AppData\Local\Temp\surefire11756593515345508238 2024-04-22T23-30-30_321-jvmRun1 surefire9375048241099844202tmp surefire_03285927363651209438tmp

Host: 11th Gen Intel(R) Core(TM) i7-11370H @ 3.30GHz, 8 cores, 15G,  Windows 10 , 64 bit Build 19041 (10.0.19041.3636)
Time: Mon Apr 22 23:30:30 2024 RTZ 2 (s 10 , 64 bit Build 19041 (10.0.19041.3636) elapsed time: 0.177002 seconds (0d 0h 0m 0s)

---------------  T H R E A D  ---------------

Current thread (0x0000020107e99800):  JavaThread "main" [_thread_in_vm, id=19964, stack(0x000000b73ba00000,0x000000b73bb00000)]

Stack: [0x000000b73ba00000,0x000000b73bb00000],  sp=0x000000b73baff110,  free space=1020k
Native frames: (J=compiled Java code, j=interpreted, Vv=VM code, C=native code)
C  0x00000201106312e7


siginfo: EXCEPTION_ACCESS_VIOLATION (0xc0000005), reading address 0x00000000000003d8


Register to memory mapping:

RIP=0x00000201106312e7 is at begin+8 in a stub
StubRoutines::get_previous_fp [0x00000201106312df, 0x00000201106312ec[ (13 bytes)
RAX=0x00000000000003d8 is an unknown value
RBX=0x000000b73baff1b0 is pointing into the stack for thread: 0x0000020107e99800
RCX=0x000000b73baff1b0 is pointing into the stack for thread: 0x0000020107e99800
RDX=0x0 is NULL
RSP=0x000000b73baff110 is pointing into the stack for thread: 0x0000020107e99800
RBP=0x000000b73baff110 is pointing into the stack for thread: 0x0000020107e99800
RSI=0x0 is NULL
RDI=0x0000020107e99800 is a thread
R8 =0x000000b73baff088 is pointing into the stack for thread: 0x0000020107e99800
R9 =0x0000000000000001 is an unknown value
R10=0x0 is NULL
R11=0x000000b73baff140 is pointing into the stack for thread: 0x0000020107e99800
R12=0x0000020107e9a128 points into unknown readable memory: 0x08031a02a79ce1f8 | f8 e1 9c a7 02 1a 03 08
R13=0x0000020107f60f08 points into unknown readable memory: 0x0000020105d95630 | 30 56 d9 05 01 02 00 00
R14=0x000002012c6ebf60 points into unknown readable memory: 0x00000000ffffffff | ff ff ff ff 00 00 00 00
R15=0x0000020107e99d50 points into unknown readable memory: 0x0072006f006d0020 | 20 00 6d 00 6f 00 72 00


Registers:
RAX=0x00000000000003d8, RBX=0x000000b73baff1b0, RCX=0x000000b73baff1b0, RDX=0x0000000000000000
RSP=0x000000b73baff110, RBP=0x000000b73baff110, RSI=0x0000000000000000, RDI=0x0000020107e99800
R8 =0x000000b73baff088, R9 =0x0000000000000001, R10=0x0000000000000000, R11=0x000000b73baff140
R12=0x0000020107e9a128, R13=0x0000020107f60f08, R14=0x000002012c6ebf60, R15=0x0000020107e99d50
RIP=0x00000201106312e7, EFLAGS=0x0000000000010202

Top of Stack: (sp=0x000000b73baff110)
0x000000b73baff110:   00000000000003d8 00007ffeda795376
0x000000b73baff120:   00000000000000af 000000b73baff210
0x000000b73baff130:   00007fff709b82d0 00007fff9c56b3e4
0x000000b73baff140:   0000020107e99d40 00007ffeda21232c
0x000000b73baff150:   0000020107e99800 0000020105d91bb0
0x000000b73baff160:   00000000000007d0 0000000000007fd8
0x000000b73baff170:   0000020107e99800 00007ffeda8e9301
0x000000b73baff180:   0000020105d91bb0 0000020107e99d40
0x000000b73baff190:   0000020107e99d40 000002012ba0f738
0x000000b73baff1a0:   0000020105d809c8 00007fff709b148c
0x000000b73baff1b0:   0000000000000000 0000000000000024
0x000000b73baff1c0:   00007fff709b82d0 000000b73baff210
0x000000b73baff1d0:   00007fff9c63f540 0000000000000000
0x000000b73baff1e0:   0000eb143044b9b1 00007fff709b7ae0
0x000000b73baff1f0:   0000020107e99800 00007ffeda797ac0
0x000000b73baff200:   0000020107e99b48 00007fff709b82d0 

Instructions: (pc=0x00000201106312e7)
0x00000201106311e7:   40 18 85 98 fe ff ff 00 62 63 35 40 18 8d 88 fe
0x00000201106311f7:   ff ff 00 62 63 2d 40 18 95 78 fe ff ff 00 62 63
0x0000020110631207:   25 40 18 9d 68 fe ff ff 00 62 63 1d 40 18 a5 58
0x0000020110631217:   fe ff ff 00 62 63 15 40 18 ad 48 fe ff ff 00 62
0x0000020110631227:   63 0d 40 18 b5 38 fe ff ff 00 62 63 05 40 18 bd
0x0000020110631237:   28 fe ff ff 00 4c 8b 7d c8 4c 8b 75 d0 4c 8b 6d
0x0000020110631247:   d8 4c 8b 65 e0 48 8b 5d f8 48 8b 7d e8 48 8b 75
0x0000020110631257:   f0 48 81 c4 d8 01 00 00 c5 f8 77 5d c3 48 89 01
0x0000020110631267:   e9 ab fe ff ff c5 fa 11 01 e9 a2 fe ff ff c5 fb
0x0000020110631277:   11 01 e9 99 fe ff ff 49 89 47 08 49 ba a0 53 a9
0x0000020110631287:   da fe 7f 00 00 4d 89 57 10 41 c7 47 18 da 01 00
0x0000020110631297:   00 e9 4d fe ff ff 8b c1 87 02 c3 48 8b c1 48 87
0x00000201106312a7:   02 c3 41 8b c0 f0 0f b1 0a c3 49 0f be c0 f0 0f
0x00000201106312b7:   b0 0a c3 49 8b c0 f0 48 0f b1 0a c3 8b c1 f0 0f
0x00000201106312c7:   c1 0a 03 c1 c3 48 8b c1 f0 48 0f c1 0a 48 03 c1
0x00000201106312d7:   c3 f0 83 44 24 c0 00 c3 55 48 8b ec 48 8b 45 00
0x00000201106312e7:   48 8b 00 5d c3 48 8b c4 48 83 c0 08 c3 c3 66 66
0x00000201106312f7:   66 0f 1f 84 00 00 00 00 00 55 48 8b ec 41 54 48
0x0000020110631307:   83 ec 28 49 b9 60 09 bf da fe 7f 00 00 f7 d1 41
0x0000020110631317:   bc 00 00 00 00 41 81 f8 00 01 00 00 0f 8c b5 02
0x0000020110631327:   00 00 c5 79 6e d1 62 b1 fe 48 6f 04 22 62 b1 fe
0x0000020110631337:   48 6f 64 22 01 62 d1 fd 48 ef c2 62 52 7d 48 5a
0x0000020110631347:   51 02 41 81 e8 00 01 00 00 41 81 f8 00 01 00 00
0x0000020110631357:   0f 8c 01 01 00 00 62 b1 fe 48 6f 7c 22 02 62 31
0x0000020110631367:   fe 48 6f 44 22 03 62 c2 7d 48 5a 01 41 81 e8 00
0x0000020110631377:   01 00 00 41 81 c4 00 01 00 00 62 b1 fe 48 6f 1c
0x0000020110631387:   22 62 b3 7d 48 44 c8 10 62 b3 7d 48 44 d0 01 62
0x0000020110631397:   f1 f5 48 ef c2 62 f1 fd 48 ef c3 62 b1 fe 48 6f
0x00000201106313a7:   5c 22 01 62 b3 5d 48 44 c8 10 62 b3 5d 48 44 d0
0x00000201106313b7:   01 62 f1 f5 48 ef e2 62 f1 dd 48 ef e3 62 b1 fe
0x00000201106313c7:   48 6f 5c 22 02 62 b3 45 48 44 c8 10 62 b3 45 48
0x00000201106313d7:   44 d0 01 62 f1 f5 48 ef fa 62 f1 c5 48 ef fb 62 


Stack slot to memory mapping:
stack at sp + 0 slots: 0x00000000000003d8 is an unknown value
stack at sp + 1 slots: 0x00007ffeda795376 jvm.dll
stack at sp + 2 slots: 0x00000000000000af is an unknown value
stack at sp + 3 slots: 0x000000b73baff210 is pointing into the stack for thread: 0x0000020107e99800
stack at sp + 4 slots: 0x00007fff709b82d0 instrument.dll
stack at sp + 5 slots: 0x00007fff9c56b3e4 ucrtbase.dll
stack at sp + 6 slots: 0x0000020107e99d40 points into unknown readable memory: 0x000002012c6ebf50 | 50 bf 6e 2c 01 02 00 00
stack at sp + 7 slots: 0x00007ffeda21232c jvm.dll

StubRoutines::get_previous_fp [0x00000201106312df, 0x00000201106312ec[ (13 bytes)
---------------  P R O C E S S  ---------------

Threads class SMR info:
_java_thread_list=0x000002012c5b9c10, length=11, elements={
0x0000020107e99800, 0x000002012c3cd800, 0x000002012c3d6000, 0x000002012c438000,
0x000002012c43b000, 0x000002012c43c000, 0x000002012c43e800, 0x000002012c447800,
0x000002012c44e000, 0x000002012c3a1000, 0x000002012c612000
}

Java Threads: ( => current thread )
=>0x0000020107e99800 JavaThread "main" [_thread_in_vm, id=19964, stack(0x000000b73ba00000,0x000000b73bb00000)]
  0x000002012c3cd800 JavaThread "Reference Handler" daemon [_thread_blocked, id=2684, stack(0x000000b73c100000,0x000000b73c200000)]
  0x000002012c3d6000 JavaThread "Finalizer" daemon [_thread_blocked, id=4172, stack(0x000000b73c200000,0x000000b73c300000)]
  0x000002012c438000 JavaThread "Signal Dispatcher" daemon [_thread_blocked, id=3964, stack(0x000000b73c300000,0x000000b73c400000)]
  0x000002012c43b000 JavaThread "Attach Listener" daemon [_thread_blocked, id=18840, stack(0x000000b73c400000,0x000000b73c500000)]
  0x000002012c43c000 JavaThread "Service Thread" daemon [_thread_blocked, id=21236, stack(0x000000b73c500000,0x000000b73c600000)]
  0x000002012c43e800 JavaThread "C2 CompilerThread0" daemon [_thread_blocked, id=9700, stack(0x000000b73c600000,0x000000b73c700000)]
  0x000002012c447800 JavaThread "C1 CompilerThread0" daemon [_thread_blocked, id=8360, stack(0x000000b73c700000,0x000000b73c800000)]
  0x000002012c44e000 JavaThread "Sweeper thread" daemon [_thread_blocked, id=7548, stack(0x000000b73c800000,0x000000b73c900000)]
  0x000002012c3a1000 JavaThread "Common-Cleaner" daemon [_thread_blocked, id=8952, stack(0x000000b73c900000,0x000000b73ca00000)]
  0x000002012c612000 JavaThread "C2 CompilerThread1" daemon [_thread_blocked, id=20192, stack(0x000000b73ca00000,0x000000b73cb00000)]

Other Threads:
  0x000002012c3a9000 VMThread "VM Thread" [stack: 0x000000b73c000000,0x000000b73c100000] [id=728]
  0x0000020107eb3000 GCTaskThread "GC Thread#0" [stack: 0x000000b73bb00000,0x000000b73bc00000] [id=16036]
  0x0000020107f10000 ConcurrentGCThread "G1 Main Marker" [stack: 0x000000b73bc00000,0x000000b73bd00000] [id=16048]
  0x0000020107f12000 ConcurrentGCThread "G1 Conc#0" [stack: 0x000000b73bd00000,0x000000b73be00000] [id=5808]
  0x000002012ba0b000 ConcurrentGCThread "G1 Refine#0" [stack: 0x000000b73be00000,0x000000b73bf00000] [id=16512]
  0x000002012ba0c000 ConcurrentGCThread "G1 Young RemSet Sampling" [stack: 0x000000b73bf00000,0x000000b73c000000] [id=19056]

Threads with active compile tasks:

VM state:not at safepoint (normal execution)

VM Mutex/Monitor currently owned by a thread: None

Heap address: 0x0000000703600000, size: 4042 MB, Compressed Oops mode: Zero based, Oop shift amount: 3
Narrow klass base: 0x0000000800000000, Narrow klass shift: 0
Compressed class space size: 1073741824 Address: 0x0000000800000000

Heap:
 garbage-first heap   total 260096K, used 2048K [0x0000000703600000, 0x0000000800000000)
  region size 1024K, 3 young (3072K), 0 survivors (0K)
 Metaspace       used 6686K, capacity 6786K, committed 6912K, reserved 1056768K
  class space    used 582K, capacity 643K, committed 768K, reserved 1048576K
Heap Regions: E=young(eden), S=young(survivor), O=old, HS=humongous(starts), HC=humongous(continues), CS=collection set, F=free, A=archive, TAMS=top-at-mark-start (previous, next)
|   0|0x0000000703600000, 0x0000000703600000, 0x0000000703700000|  0%| F|  |TAMS 0x0000000703600000, 0x0000000703600000| Untracked 
|   1|0x0000000703700000, 0x0000000703700000, 0x0000000703800000|  0%| F|  |TAMS 0x0000000703700000, 0x0000000703700000| Untracked 
|   2|0x0000000703800000, 0x0000000703800000, 0x0000000703900000|  0%| F|  |TAMS 0x0000000703800000, 0x0000000703800000| Untracked 
|   3|0x0000000703900000, 0x0000000703900000, 0x0000000703a00000|  0%| F|  |TAMS 0x0000000703900000, 0x0000000703900000| Untracked 
|   4|0x0000000703a00000, 0x0000000703a00000, 0x0000000703b00000|  0%| F|  |TAMS 0x0000000703a00000, 0x0000000703a00000| Untracked 
|   5|0x0000000703b00000, 0x0000000703b00000, 0x0000000703c00000|  0%| F|  |TAMS 0x0000000703b00000, 0x0000000703b00000| Untracked 
|   6|0x0000000703c00000, 0x0000000703c00000, 0x0000000703d00000|  0%| F|  |TAMS 0x0000000703c00000, 0x0000000703c00000| Untracked 
|   7|0x0000000703d00000, 0x0000000703d00000, 0x0000000703e00000|  0%| F|  |TAMS 0x0000000703d00000, 0x0000000703d00000| Untracked 
|   8|0x0000000703e00000, 0x0000000703e00000, 0x0000000703f00000|  0%| F|  |TAMS 0x0000000703e00000, 0x0000000703e00000| Untracked 
|   9|0x0000000703f00000, 0x0000000703f00000, 0x0000000704000000|  0%| F|  |TAMS 0x0000000703f00000, 0x0000000703f00000| Untracked 
|  10|0x0000000704000000, 0x0000000704000000, 0x0000000704100000|  0%| F|  |TAMS 0x0000000704000000, 0x0000000704000000| Untracked 
|  11|0x0000000704100000, 0x0000000704100000, 0x0000000704200000|  0%| F|  |TAMS 0x0000000704100000, 0x0000000704100000| Untracked 
|  12|0x0000000704200000, 0x0000000704200000, 0x0000000704300000|  0%| F|  |TAMS 0x0000000704200000, 0x0000000704200000| Untracked 
|  13|0x0000000704300000, 0x0000000704300000, 0x0000000704400000|  0%| F|  |TAMS 0x0000000704300000, 0x0000000704300000| Untracked 
|  14|0x0000000704400000, 0x0000000704400000, 0x0000000704500000|  0%| F|  |TAMS 0x0000000704400000, 0x0000000704400000| Untracked 
|  15|0x0000000704500000, 0x0000000704500000, 0x0000000704600000|  0%| F|  |TAMS 0x0000000704500000, 0x0000000704500000| Untracked 
|  16|0x0000000704600000, 0x0000000704600000, 0x0000000704700000|  0%| F|  |TAMS 0x0000000704600000, 0x0000000704600000| Untracked 
|  17|0x0000000704700000, 0x0000000704700000, 0x0000000704800000|  0%| F|  |TAMS 0x0000000704700000, 0x0000000704700000| Untracked 
|  18|0x0000000704800000, 0x0000000704800000, 0x0000000704900000|  0%| F|  |TAMS 0x0000000704800000, 0x0000000704800000| Untracked 
|  19|0x0000000704900000, 0x0000000704900000, 0x0000000704a00000|  0%| F|  |TAMS 0x0000000704900000, 0x0000000704900000| Untracked 
|  20|0x0000000704a00000, 0x0000000704a00000, 0x0000000704b00000|  0%| F|  |TAMS 0x0000000704a00000, 0x0000000704a00000| Untracked 
|  21|0x0000000704b00000, 0x0000000704b00000, 0x0000000704c00000|  0%| F|  |TAMS 0x0000000704b00000, 0x0000000704b00000| Untracked 
|  22|0x0000000704c00000, 0x0000000704c00000, 0x0000000704d00000|  0%| F|  |TAMS 0x0000000704c00000, 0x0000000704c00000| Untracked 
|  23|0x0000000704d00000, 0x0000000704d00000, 0x0000000704e00000|  0%| F|  |TAMS 0x0000000704d00000, 0x0000000704d00000| Untracked 
|  24|0x0000000704e00000, 0x0000000704e00000, 0x0000000704f00000|  0%| F|  |TAMS 0x0000000704e00000, 0x0000000704e00000| Untracked 
|  25|0x0000000704f00000, 0x0000000704f00000, 0x0000000705000000|  0%| F|  |TAMS 0x0000000704f00000, 0x0000000704f00000| Untracked 
|  26|0x0000000705000000, 0x0000000705000000, 0x0000000705100000|  0%| F|  |TAMS 0x0000000705000000, 0x0000000705000000| Untracked 
|  27|0x0000000705100000, 0x0000000705100000, 0x0000000705200000|  0%| F|  |TAMS 0x0000000705100000, 0x0000000705100000| Untracked 
|  28|0x0000000705200000, 0x0000000705200000, 0x0000000705300000|  0%| F|  |TAMS 0x0000000705200000, 0x0000000705200000| Untracked 
|  29|0x0000000705300000, 0x0000000705300000, 0x0000000705400000|  0%| F|  |TAMS 0x0000000705300000, 0x0000000705300000| Untracked 
|  30|0x0000000705400000, 0x0000000705400000, 0x0000000705500000|  0%| F|  |TAMS 0x0000000705400000, 0x0000000705400000| Untracked 
|  31|0x0000000705500000, 0x0000000705500000, 0x0000000705600000|  0%| F|  |TAMS 0x0000000705500000, 0x0000000705500000| Untracked 
|  32|0x0000000705600000, 0x0000000705600000, 0x0000000705700000|  0%| F|  |TAMS 0x0000000705600000, 0x0000000705600000| Untracked 
|  33|0x0000000705700000, 0x0000000705700000, 0x0000000705800000|  0%| F|  |TAMS 0x0000000705700000, 0x0000000705700000| Untracked 
|  34|0x0000000705800000, 0x0000000705800000, 0x0000000705900000|  0%| F|  |TAMS 0x0000000705800000, 0x0000000705800000| Untracked 
|  35|0x0000000705900000, 0x0000000705900000, 0x0000000705a00000|  0%| F|  |TAMS 0x0000000705900000, 0x0000000705900000| Untracked 
|  36|0x0000000705a00000, 0x0000000705a00000, 0x0000000705b00000|  0%| F|  |TAMS 0x0000000705a00000, 0x0000000705a00000| Untracked 
|  37|0x0000000705b00000, 0x0000000705b00000, 0x0000000705c00000|  0%| F|  |TAMS 0x0000000705b00000, 0x0000000705b00000| Untracked 
|  38|0x0000000705c00000, 0x0000000705c00000, 0x0000000705d00000|  0%| F|  |TAMS 0x0000000705c00000, 0x0000000705c00000| Untracked 
|  39|0x0000000705d00000, 0x0000000705d00000, 0x0000000705e00000|  0%| F|  |TAMS 0x0000000705d00000, 0x0000000705d00000| Untracked 
|  40|0x0000000705e00000, 0x0000000705e00000, 0x0000000705f00000|  0%| F|  |TAMS 0x0000000705e00000, 0x0000000705e00000| Untracked 
|  41|0x0000000705f00000, 0x0000000705f00000, 0x0000000706000000|  0%| F|  |TAMS 0x0000000705f00000, 0x0000000705f00000| Untracked 
|  42|0x0000000706000000, 0x0000000706000000, 0x0000000706100000|  0%| F|  |TAMS 0x0000000706000000, 0x0000000706000000| Untracked 
|  43|0x0000000706100000, 0x0000000706100000, 0x0000000706200000|  0%| F|  |TAMS 0x0000000706100000, 0x0000000706100000| Untracked 
|  44|0x0000000706200000, 0x0000000706200000, 0x0000000706300000|  0%| F|  |TAMS 0x0000000706200000, 0x0000000706200000| Untracked 
|  45|0x0000000706300000, 0x0000000706300000, 0x0000000706400000|  0%| F|  |TAMS 0x0000000706300000, 0x0000000706300000| Untracked 
|  46|0x0000000706400000, 0x0000000706400000, 0x0000000706500000|  0%| F|  |TAMS 0x0000000706400000, 0x0000000706400000| Untracked 
|  47|0x0000000706500000, 0x0000000706500000, 0x0000000706600000|  0%| F|  |TAMS 0x0000000706500000, 0x0000000706500000| Untracked 
|  48|0x0000000706600000, 0x0000000706600000, 0x0000000706700000|  0%| F|  |TAMS 0x0000000706600000, 0x0000000706600000| Untracked 
|  49|0x0000000706700000, 0x0000000706700000, 0x0000000706800000|  0%| F|  |TAMS 0x0000000706700000, 0x0000000706700000| Untracked 
|  50|0x0000000706800000, 0x0000000706800000, 0x0000000706900000|  0%| F|  |TAMS 0x0000000706800000, 0x0000000706800000| Untracked 
|  51|0x0000000706900000, 0x0000000706900000, 0x0000000706a00000|  0%| F|  |TAMS 0x0000000706900000, 0x0000000706900000| Untracked 
|  52|0x0000000706a00000, 0x0000000706a00000, 0x0000000706b00000|  0%| F|  |TAMS 0x0000000706a00000, 0x0000000706a00000| Untracked 
|  53|0x0000000706b00000, 0x0000000706b00000, 0x0000000706c00000|  0%| F|  |TAMS 0x0000000706b00000, 0x0000000706b00000| Untracked 
|  54|0x0000000706c00000, 0x0000000706c00000, 0x0000000706d00000|  0%| F|  |TAMS 0x0000000706c00000, 0x0000000706c00000| Untracked 
|  55|0x0000000706d00000, 0x0000000706d00000, 0x0000000706e00000|  0%| F|  |TAMS 0x0000000706d00000, 0x0000000706d00000| Untracked 
|  56|0x0000000706e00000, 0x0000000706e00000, 0x0000000706f00000|  0%| F|  |TAMS 0x0000000706e00000, 0x0000000706e00000| Untracked 
|  57|0x0000000706f00000, 0x0000000706f00000, 0x0000000707000000|  0%| F|  |TAMS 0x0000000706f00000, 0x0000000706f00000| Untracked 
|  58|0x0000000707000000, 0x0000000707000000, 0x0000000707100000|  0%| F|  |TAMS 0x0000000707000000, 0x0000000707000000| Untracked 
|  59|0x0000000707100000, 0x0000000707100000, 0x0000000707200000|  0%| F|  |TAMS 0x0000000707100000, 0x0000000707100000| Untracked 
|  60|0x0000000707200000, 0x0000000707200000, 0x0000000707300000|  0%| F|  |TAMS 0x0000000707200000, 0x0000000707200000| Untracked 
|  61|0x0000000707300000, 0x0000000707300000, 0x0000000707400000|  0%| F|  |TAMS 0x0000000707300000, 0x0000000707300000| Untracked 
|  62|0x0000000707400000, 0x0000000707400000, 0x0000000707500000|  0%| F|  |TAMS 0x0000000707400000, 0x0000000707400000| Untracked 
|  63|0x0000000707500000, 0x0000000707500000, 0x0000000707600000|  0%| F|  |TAMS 0x0000000707500000, 0x0000000707500000| Untracked 
|  64|0x0000000707600000, 0x0000000707600000, 0x0000000707700000|  0%| F|  |TAMS 0x0000000707600000, 0x0000000707600000| Untracked 
|  65|0x0000000707700000, 0x0000000707700000, 0x0000000707800000|  0%| F|  |TAMS 0x0000000707700000, 0x0000000707700000| Untracked 
|  66|0x0000000707800000, 0x0000000707800000, 0x0000000707900000|  0%| F|  |TAMS 0x0000000707800000, 0x0000000707800000| Untracked 
|  67|0x0000000707900000, 0x0000000707900000, 0x0000000707a00000|  0%| F|  |TAMS 0x0000000707900000, 0x0000000707900000| Untracked 
|  68|0x0000000707a00000, 0x0000000707a00000, 0x0000000707b00000|  0%| F|  |TAMS 0x0000000707a00000, 0x0000000707a00000| Untracked 
|  69|0x0000000707b00000, 0x0000000707b00000, 0x0000000707c00000|  0%| F|  |TAMS 0x0000000707b00000, 0x0000000707b00000| Untracked 
|  70|0x0000000707c00000, 0x0000000707c00000, 0x0000000707d00000|  0%| F|  |TAMS 0x0000000707c00000, 0x0000000707c00000| Untracked 
|  71|0x0000000707d00000, 0x0000000707d00000, 0x0000000707e00000|  0%| F|  |TAMS 0x0000000707d00000, 0x0000000707d00000| Untracked 
|  72|0x0000000707e00000, 0x0000000707e00000, 0x0000000707f00000|  0%| F|  |TAMS 0x0000000707e00000, 0x0000000707e00000| Untracked 
|  73|0x0000000707f00000, 0x0000000707f00000, 0x0000000708000000|  0%| F|  |TAMS 0x0000000707f00000, 0x0000000707f00000| Untracked 
|  74|0x0000000708000000, 0x0000000708000000, 0x0000000708100000|  0%| F|  |TAMS 0x0000000708000000, 0x0000000708000000| Untracked 
|  75|0x0000000708100000, 0x0000000708100000, 0x0000000708200000|  0%| F|  |TAMS 0x0000000708100000, 0x0000000708100000| Untracked 
|  76|0x0000000708200000, 0x0000000708200000, 0x0000000708300000|  0%| F|  |TAMS 0x0000000708200000, 0x0000000708200000| Untracked 
|  77|0x0000000708300000, 0x0000000708300000, 0x0000000708400000|  0%| F|  |TAMS 0x0000000708300000, 0x0000000708300000| Untracked 
|  78|0x0000000708400000, 0x0000000708400000, 0x0000000708500000|  0%| F|  |TAMS 0x0000000708400000, 0x0000000708400000| Untracked 
|  79|0x0000000708500000, 0x0000000708500000, 0x0000000708600000|  0%| F|  |TAMS 0x0000000708500000, 0x0000000708500000| Untracked 
|  80|0x0000000708600000, 0x0000000708600000, 0x0000000708700000|  0%| F|  |TAMS 0x0000000708600000, 0x0000000708600000| Untracked 
|  81|0x0000000708700000, 0x0000000708700000, 0x0000000708800000|  0%| F|  |TAMS 0x0000000708700000, 0x0000000708700000| Untracked 
|  82|0x0000000708800000, 0x0000000708800000, 0x0000000708900000|  0%| F|  |TAMS 0x0000000708800000, 0x0000000708800000| Untracked 
|  83|0x0000000708900000, 0x0000000708900000, 0x0000000708a00000|  0%| F|  |TAMS 0x0000000708900000, 0x0000000708900000| Untracked 
|  84|0x0000000708a00000, 0x0000000708a00000, 0x0000000708b00000|  0%| F|  |TAMS 0x0000000708a00000, 0x0000000708a00000| Untracked 
|  85|0x0000000708b00000, 0x0000000708b00000, 0x0000000708c00000|  0%| F|  |TAMS 0x0000000708b00000, 0x0000000708b00000| Untracked 
|  86|0x0000000708c00000, 0x0000000708c00000, 0x0000000708d00000|  0%| F|  |TAMS 0x0000000708c00000, 0x0000000708c00000| Untracked 
|  87|0x0000000708d00000, 0x0000000708d00000, 0x0000000708e00000|  0%| F|  |TAMS 0x0000000708d00000, 0x0000000708d00000| Untracked 
|  88|0x0000000708e00000, 0x0000000708e00000, 0x0000000708f00000|  0%| F|  |TAMS 0x0000000708e00000, 0x0000000708e00000| Untracked 
|  89|0x0000000708f00000, 0x0000000708f00000, 0x0000000709000000|  0%| F|  |TAMS 0x0000000708f00000, 0x0000000708f00000| Untracked 
|  90|0x0000000709000000, 0x0000000709000000, 0x0000000709100000|  0%| F|  |TAMS 0x0000000709000000, 0x0000000709000000| Untracked 
|  91|0x0000000709100000, 0x0000000709100000, 0x0000000709200000|  0%| F|  |TAMS 0x0000000709100000, 0x0000000709100000| Untracked 
|  92|0x0000000709200000, 0x0000000709200000, 0x0000000709300000|  0%| F|  |TAMS 0x0000000709200000, 0x0000000709200000| Untracked 
|  93|0x0000000709300000, 0x0000000709300000, 0x0000000709400000|  0%| F|  |TAMS 0x0000000709300000, 0x0000000709300000| Untracked 
|  94|0x0000000709400000, 0x0000000709400000, 0x0000000709500000|  0%| F|  |TAMS 0x0000000709400000, 0x0000000709400000| Untracked 
|  95|0x0000000709500000, 0x0000000709500000, 0x0000000709600000|  0%| F|  |TAMS 0x0000000709500000, 0x0000000709500000| Untracked 
|  96|0x0000000709600000, 0x0000000709600000, 0x0000000709700000|  0%| F|  |TAMS 0x0000000709600000, 0x0000000709600000| Untracked 
|  97|0x0000000709700000, 0x0000000709700000, 0x0000000709800000|  0%| F|  |TAMS 0x0000000709700000, 0x0000000709700000| Untracked 
|  98|0x0000000709800000, 0x0000000709800000, 0x0000000709900000|  0%| F|  |TAMS 0x0000000709800000, 0x0000000709800000| Untracked 
|  99|0x0000000709900000, 0x0000000709900000, 0x0000000709a00000|  0%| F|  |TAMS 0x0000000709900000, 0x0000000709900000| Untracked 
| 100|0x0000000709a00000, 0x0000000709a00000, 0x0000000709b00000|  0%| F|  |TAMS 0x0000000709a00000, 0x0000000709a00000| Untracked 
| 101|0x0000000709b00000, 0x0000000709b00000, 0x0000000709c00000|  0%| F|  |TAMS 0x0000000709b00000, 0x0000000709b00000| Untracked 
| 102|0x0000000709c00000, 0x0000000709c00000, 0x0000000709d00000|  0%| F|  |TAMS 0x0000000709c00000, 0x0000000709c00000| Untracked 
| 103|0x0000000709d00000, 0x0000000709d00000, 0x0000000709e00000|  0%| F|  |TAMS 0x0000000709d00000, 0x0000000709d00000| Untracked 
| 104|0x0000000709e00000, 0x0000000709e00000, 0x0000000709f00000|  0%| F|  |TAMS 0x0000000709e00000, 0x0000000709e00000| Untracked 
| 105|0x0000000709f00000, 0x0000000709f00000, 0x000000070a000000|  0%| F|  |TAMS 0x0000000709f00000, 0x0000000709f00000| Untracked 
| 106|0x000000070a000000, 0x000000070a000000, 0x000000070a100000|  0%| F|  |TAMS 0x000000070a000000, 0x000000070a000000| Untracked 
| 107|0x000000070a100000, 0x000000070a100000, 0x000000070a200000|  0%| F|  |TAMS 0x000000070a100000, 0x000000070a100000| Untracked 
| 108|0x000000070a200000, 0x000000070a200000, 0x000000070a300000|  0%| F|  |TAMS 0x000000070a200000, 0x000000070a200000| Untracked 
| 109|0x000000070a300000, 0x000000070a300000, 0x000000070a400000|  0%| F|  |TAMS 0x000000070a300000, 0x000000070a300000| Untracked 
| 110|0x000000070a400000, 0x000000070a400000, 0x000000070a500000|  0%| F|  |TAMS 0x000000070a400000, 0x000000070a400000| Untracked 
| 111|0x000000070a500000, 0x000000070a500000, 0x000000070a600000|  0%| F|  |TAMS 0x000000070a500000, 0x000000070a500000| Untracked 
| 112|0x000000070a600000, 0x000000070a600000, 0x000000070a700000|  0%| F|  |TAMS 0x000000070a600000, 0x000000070a600000| Untracked 
| 113|0x000000070a700000, 0x000000070a700000, 0x000000070a800000|  0%| F|  |TAMS 0x000000070a700000, 0x000000070a700000| Untracked 
| 114|0x000000070a800000, 0x000000070a800000, 0x000000070a900000|  0%| F|  |TAMS 0x000000070a800000, 0x000000070a800000| Untracked 
| 115|0x000000070a900000, 0x000000070a900000, 0x000000070aa00000|  0%| F|  |TAMS 0x000000070a900000, 0x000000070a900000| Untracked 
| 116|0x000000070aa00000, 0x000000070aa00000, 0x000000070ab00000|  0%| F|  |TAMS 0x000000070aa00000, 0x000000070aa00000| Untracked 
| 117|0x000000070ab00000, 0x000000070ab00000, 0x000000070ac00000|  0%| F|  |TAMS 0x000000070ab00000, 0x000000070ab00000| Untracked 
| 118|0x000000070ac00000, 0x000000070ac00000, 0x000000070ad00000|  0%| F|  |TAMS 0x000000070ac00000, 0x000000070ac00000| Untracked 
| 119|0x000000070ad00000, 0x000000070ad00000, 0x000000070ae00000|  0%| F|  |TAMS 0x000000070ad00000, 0x000000070ad00000| Untracked 
| 120|0x000000070ae00000, 0x000000070ae00000, 0x000000070af00000|  0%| F|  |TAMS 0x000000070ae00000, 0x000000070ae00000| Untracked 
| 121|0x000000070af00000, 0x000000070af00000, 0x000000070b000000|  0%| F|  |TAMS 0x000000070af00000, 0x000000070af00000| Untracked 
| 122|0x000000070b000000, 0x000000070b000000, 0x000000070b100000|  0%| F|  |TAMS 0x000000070b000000, 0x000000070b000000| Untracked 
| 123|0x000000070b100000, 0x000000070b100000, 0x000000070b200000|  0%| F|  |TAMS 0x000000070b100000, 0x000000070b100000| Untracked 
| 124|0x000000070b200000, 0x000000070b200000, 0x000000070b300000|  0%| F|  |TAMS 0x000000070b200000, 0x000000070b200000| Untracked 
| 125|0x000000070b300000, 0x000000070b300000, 0x000000070b400000|  0%| F|  |TAMS 0x000000070b300000, 0x000000070b300000| Untracked 
| 126|0x000000070b400000, 0x000000070b400000, 0x000000070b500000|  0%| F|  |TAMS 0x000000070b400000, 0x000000070b400000| Untracked 
| 127|0x000000070b500000, 0x000000070b500000, 0x000000070b600000|  0%| F|  |TAMS 0x000000070b500000, 0x000000070b500000| Untracked 
| 128|0x000000070b600000, 0x000000070b600000, 0x000000070b700000|  0%| F|  |TAMS 0x000000070b600000, 0x000000070b600000| Untracked 
| 129|0x000000070b700000, 0x000000070b700000, 0x000000070b800000|  0%| F|  |TAMS 0x000000070b700000, 0x000000070b700000| Untracked 
| 130|0x000000070b800000, 0x000000070b800000, 0x000000070b900000|  0%| F|  |TAMS 0x000000070b800000, 0x000000070b800000| Untracked 
| 131|0x000000070b900000, 0x000000070b900000, 0x000000070ba00000|  0%| F|  |TAMS 0x000000070b900000, 0x000000070b900000| Untracked 
| 132|0x000000070ba00000, 0x000000070ba00000, 0x000000070bb00000|  0%| F|  |TAMS 0x000000070ba00000, 0x000000070ba00000| Untracked 
| 133|0x000000070bb00000, 0x000000070bb00000, 0x000000070bc00000|  0%| F|  |TAMS 0x000000070bb00000, 0x000000070bb00000| Untracked 
| 134|0x000000070bc00000, 0x000000070bc00000, 0x000000070bd00000|  0%| F|  |TAMS 0x000000070bc00000, 0x000000070bc00000| Untracked 
| 135|0x000000070bd00000, 0x000000070bd00000, 0x000000070be00000|  0%| F|  |TAMS 0x000000070bd00000, 0x000000070bd00000| Untracked 
| 136|0x000000070be00000, 0x000000070be00000, 0x000000070bf00000|  0%| F|  |TAMS 0x000000070be00000, 0x000000070be00000| Untracked 
| 137|0x000000070bf00000, 0x000000070bf00000, 0x000000070c000000|  0%| F|  |TAMS 0x000000070bf00000, 0x000000070bf00000| Untracked 
| 138|0x000000070c000000, 0x000000070c000000, 0x000000070c100000|  0%| F|  |TAMS 0x000000070c000000, 0x000000070c000000| Untracked 
| 139|0x000000070c100000, 0x000000070c100000, 0x000000070c200000|  0%| F|  |TAMS 0x000000070c100000, 0x000000070c100000| Untracked 
| 140|0x000000070c200000, 0x000000070c200000, 0x000000070c300000|  0%| F|  |TAMS 0x000000070c200000, 0x000000070c200000| Untracked 
| 141|0x000000070c300000, 0x000000070c300000, 0x000000070c400000|  0%| F|  |TAMS 0x000000070c300000, 0x000000070c300000| Untracked 
| 142|0x000000070c400000, 0x000000070c400000, 0x000000070c500000|  0%| F|  |TAMS 0x000000070c400000, 0x000000070c400000| Untracked 
| 143|0x000000070c500000, 0x000000070c500000, 0x000000070c600000|  0%| F|  |TAMS 0x000000070c500000, 0x000000070c500000| Untracked 
| 144|0x000000070c600000, 0x000000070c600000, 0x000000070c700000|  0%| F|  |TAMS 0x000000070c600000, 0x000000070c600000| Untracked 
| 145|0x000000070c700000, 0x000000070c700000, 0x000000070c800000|  0%| F|  |TAMS 0x000000070c700000, 0x000000070c700000| Untracked 
| 146|0x000000070c800000, 0x000000070c800000, 0x000000070c900000|  0%| F|  |TAMS 0x000000070c800000, 0x000000070c800000| Untracked 
| 147|0x000000070c900000, 0x000000070c900000, 0x000000070ca00000|  0%| F|  |TAMS 0x000000070c900000, 0x000000070c900000| Untracked 
| 148|0x000000070ca00000, 0x000000070ca00000, 0x000000070cb00000|  0%| F|  |TAMS 0x000000070ca00000, 0x000000070ca00000| Untracked 
| 149|0x000000070cb00000, 0x000000070cb00000, 0x000000070cc00000|  0%| F|  |TAMS 0x000000070cb00000, 0x000000070cb00000| Untracked 
| 150|0x000000070cc00000, 0x000000070cc00000, 0x000000070cd00000|  0%| F|  |TAMS 0x000000070cc00000, 0x000000070cc00000| Untracked 
| 151|0x000000070cd00000, 0x000000070cd00000, 0x000000070ce00000|  0%| F|  |TAMS 0x000000070cd00000, 0x000000070cd00000| Untracked 
| 152|0x000000070ce00000, 0x000000070ce00000, 0x000000070cf00000|  0%| F|  |TAMS 0x000000070ce00000, 0x000000070ce00000| Untracked 
| 153|0x000000070cf00000, 0x000000070cf00000, 0x000000070d000000|  0%| F|  |TAMS 0x000000070cf00000, 0x000000070cf00000| Untracked 
| 154|0x000000070d000000, 0x000000070d000000, 0x000000070d100000|  0%| F|  |TAMS 0x000000070d000000, 0x000000070d000000| Untracked 
| 155|0x000000070d100000, 0x000000070d100000, 0x000000070d200000|  0%| F|  |TAMS 0x000000070d100000, 0x000000070d100000| Untracked 
| 156|0x000000070d200000, 0x000000070d200000, 0x000000070d300000|  0%| F|  |TAMS 0x000000070d200000, 0x000000070d200000| Untracked 
| 157|0x000000070d300000, 0x000000070d300000, 0x000000070d400000|  0%| F|  |TAMS 0x000000070d300000, 0x000000070d300000| Untracked 
| 158|0x000000070d400000, 0x000000070d400000, 0x000000070d500000|  0%| F|  |TAMS 0x000000070d400000, 0x000000070d400000| Untracked 
| 159|0x000000070d500000, 0x000000070d500000, 0x000000070d600000|  0%| F|  |TAMS 0x000000070d500000, 0x000000070d500000| Untracked 
| 160|0x000000070d600000, 0x000000070d600000, 0x000000070d700000|  0%| F|  |TAMS 0x000000070d600000, 0x000000070d600000| Untracked 
| 161|0x000000070d700000, 0x000000070d700000, 0x000000070d800000|  0%| F|  |TAMS 0x000000070d700000, 0x000000070d700000| Untracked 
| 162|0x000000070d800000, 0x000000070d800000, 0x000000070d900000|  0%| F|  |TAMS 0x000000070d800000, 0x000000070d800000| Untracked 
| 163|0x000000070d900000, 0x000000070d900000, 0x000000070da00000|  0%| F|  |TAMS 0x000000070d900000, 0x000000070d900000| Untracked 
| 164|0x000000070da00000, 0x000000070da00000, 0x000000070db00000|  0%| F|  |TAMS 0x000000070da00000, 0x000000070da00000| Untracked 
| 165|0x000000070db00000, 0x000000070db00000, 0x000000070dc00000|  0%| F|  |TAMS 0x000000070db00000, 0x000000070db00000| Untracked 
| 166|0x000000070dc00000, 0x000000070dc00000, 0x000000070dd00000|  0%| F|  |TAMS 0x000000070dc00000, 0x000000070dc00000| Untracked 
| 167|0x000000070dd00000, 0x000000070dd00000, 0x000000070de00000|  0%| F|  |TAMS 0x000000070dd00000, 0x000000070dd00000| Untracked 
| 168|0x000000070de00000, 0x000000070de00000, 0x000000070df00000|  0%| F|  |TAMS 0x000000070de00000, 0x000000070de00000| Untracked 
| 169|0x000000070df00000, 0x000000070df00000, 0x000000070e000000|  0%| F|  |TAMS 0x000000070df00000, 0x000000070df00000| Untracked 
| 170|0x000000070e000000, 0x000000070e000000, 0x000000070e100000|  0%| F|  |TAMS 0x000000070e000000, 0x000000070e000000| Untracked 
| 171|0x000000070e100000, 0x000000070e100000, 0x000000070e200000|  0%| F|  |TAMS 0x000000070e100000, 0x000000070e100000| Untracked 
| 172|0x000000070e200000, 0x000000070e200000, 0x000000070e300000|  0%| F|  |TAMS 0x000000070e200000, 0x000000070e200000| Untracked 
| 173|0x000000070e300000, 0x000000070e300000, 0x000000070e400000|  0%| F|  |TAMS 0x000000070e300000, 0x000000070e300000| Untracked 
| 174|0x000000070e400000, 0x000000070e400000, 0x000000070e500000|  0%| F|  |TAMS 0x000000070e400000, 0x000000070e400000| Untracked 
| 175|0x000000070e500000, 0x000000070e500000, 0x000000070e600000|  0%| F|  |TAMS 0x000000070e500000, 0x000000070e500000| Untracked 
| 176|0x000000070e600000, 0x000000070e600000, 0x000000070e700000|  0%| F|  |TAMS 0x000000070e600000, 0x000000070e600000| Untracked 
| 177|0x000000070e700000, 0x000000070e700000, 0x000000070e800000|  0%| F|  |TAMS 0x000000070e700000, 0x000000070e700000| Untracked 
| 178|0x000000070e800000, 0x000000070e800000, 0x000000070e900000|  0%| F|  |TAMS 0x000000070e800000, 0x000000070e800000| Untracked 
| 179|0x000000070e900000, 0x000000070e900000, 0x000000070ea00000|  0%| F|  |TAMS 0x000000070e900000, 0x000000070e900000| Untracked 
| 180|0x000000070ea00000, 0x000000070ea00000, 0x000000070eb00000|  0%| F|  |TAMS 0x000000070ea00000, 0x000000070ea00000| Untracked 
| 181|0x000000070eb00000, 0x000000070eb00000, 0x000000070ec00000|  0%| F|  |TAMS 0x000000070eb00000, 0x000000070eb00000| Untracked 
| 182|0x000000070ec00000, 0x000000070ec00000, 0x000000070ed00000|  0%| F|  |TAMS 0x000000070ec00000, 0x000000070ec00000| Untracked 
| 183|0x000000070ed00000, 0x000000070ed00000, 0x000000070ee00000|  0%| F|  |TAMS 0x000000070ed00000, 0x000000070ed00000| Untracked 
| 184|0x000000070ee00000, 0x000000070ee00000, 0x000000070ef00000|  0%| F|  |TAMS 0x000000070ee00000, 0x000000070ee00000| Untracked 
| 185|0x000000070ef00000, 0x000000070ef00000, 0x000000070f000000|  0%| F|  |TAMS 0x000000070ef00000, 0x000000070ef00000| Untracked 
| 186|0x000000070f000000, 0x000000070f000000, 0x000000070f100000|  0%| F|  |TAMS 0x000000070f000000, 0x000000070f000000| Untracked 
| 187|0x000000070f100000, 0x000000070f100000, 0x000000070f200000|  0%| F|  |TAMS 0x000000070f100000, 0x000000070f100000| Untracked 
| 188|0x000000070f200000, 0x000000070f200000, 0x000000070f300000|  0%| F|  |TAMS 0x000000070f200000, 0x000000070f200000| Untracked 
| 189|0x000000070f300000, 0x000000070f300000, 0x000000070f400000|  0%| F|  |TAMS 0x000000070f300000, 0x000000070f300000| Untracked 
| 190|0x000000070f400000, 0x000000070f400000, 0x000000070f500000|  0%| F|  |TAMS 0x000000070f400000, 0x000000070f400000| Untracked 
| 191|0x000000070f500000, 0x000000070f500000, 0x000000070f600000|  0%| F|  |TAMS 0x000000070f500000, 0x000000070f500000| Untracked 
| 192|0x000000070f600000, 0x000000070f600000, 0x000000070f700000|  0%| F|  |TAMS 0x000000070f600000, 0x000000070f600000| Untracked 
| 193|0x000000070f700000, 0x000000070f700000, 0x000000070f800000|  0%| F|  |TAMS 0x000000070f700000, 0x000000070f700000| Untracked 
| 194|0x000000070f800000, 0x000000070f800000, 0x000000070f900000|  0%| F|  |TAMS 0x000000070f800000, 0x000000070f800000| Untracked 
| 195|0x000000070f900000, 0x000000070f900000, 0x000000070fa00000|  0%| F|  |TAMS 0x000000070f900000, 0x000000070f900000| Untracked 
| 196|0x000000070fa00000, 0x000000070fa00000, 0x000000070fb00000|  0%| F|  |TAMS 0x000000070fa00000, 0x000000070fa00000| Untracked 
| 197|0x000000070fb00000, 0x000000070fb00000, 0x000000070fc00000|  0%| F|  |TAMS 0x000000070fb00000, 0x000000070fb00000| Untracked 
| 198|0x000000070fc00000, 0x000000070fc00000, 0x000000070fd00000|  0%| F|  |TAMS 0x000000070fc00000, 0x000000070fc00000| Untracked 
| 199|0x000000070fd00000, 0x000000070fd00000, 0x000000070fe00000|  0%| F|  |TAMS 0x000000070fd00000, 0x000000070fd00000| Untracked 
| 200|0x000000070fe00000, 0x000000070fe00000, 0x000000070ff00000|  0%| F|  |TAMS 0x000000070fe00000, 0x000000070fe00000| Untracked 
| 201|0x000000070ff00000, 0x000000070ff00000, 0x0000000710000000|  0%| F|  |TAMS 0x000000070ff00000, 0x000000070ff00000| Untracked 
| 202|0x0000000710000000, 0x0000000710000000, 0x0000000710100000|  0%| F|  |TAMS 0x0000000710000000, 0x0000000710000000| Untracked 
| 203|0x0000000710100000, 0x0000000710100000, 0x0000000710200000|  0%| F|  |TAMS 0x0000000710100000, 0x0000000710100000| Untracked 
| 204|0x0000000710200000, 0x0000000710200000, 0x0000000710300000|  0%| F|  |TAMS 0x0000000710200000, 0x0000000710200000| Untracked 
| 205|0x0000000710300000, 0x0000000710300000, 0x0000000710400000|  0%| F|  |TAMS 0x0000000710300000, 0x0000000710300000| Untracked 
| 206|0x0000000710400000, 0x0000000710400000, 0x0000000710500000|  0%| F|  |TAMS 0x0000000710400000, 0x0000000710400000| Untracked 
| 207|0x0000000710500000, 0x0000000710500000, 0x0000000710600000|  0%| F|  |TAMS 0x0000000710500000, 0x0000000710500000| Untracked 
| 208|0x0000000710600000, 0x0000000710600000, 0x0000000710700000|  0%| F|  |TAMS 0x0000000710600000, 0x0000000710600000| Untracked 
| 209|0x0000000710700000, 0x0000000710700000, 0x0000000710800000|  0%| F|  |TAMS 0x0000000710700000, 0x0000000710700000| Untracked 
| 210|0x0000000710800000, 0x0000000710800000, 0x0000000710900000|  0%| F|  |TAMS 0x0000000710800000, 0x0000000710800000| Untracked 
| 211|0x0000000710900000, 0x0000000710900000, 0x0000000710a00000|  0%| F|  |TAMS 0x0000000710900000, 0x0000000710900000| Untracked 
| 212|0x0000000710a00000, 0x0000000710a00000, 0x0000000710b00000|  0%| F|  |TAMS 0x0000000710a00000, 0x0000000710a00000| Untracked 
| 213|0x0000000710b00000, 0x0000000710b00000, 0x0000000710c00000|  0%| F|  |TAMS 0x0000000710b00000, 0x0000000710b00000| Untracked 
| 214|0x0000000710c00000, 0x0000000710c00000, 0x0000000710d00000|  0%| F|  |TAMS 0x0000000710c00000, 0x0000000710c00000| Untracked 
| 215|0x0000000710d00000, 0x0000000710d00000, 0x0000000710e00000|  0%| F|  |TAMS 0x0000000710d00000, 0x0000000710d00000| Untracked 
| 216|0x0000000710e00000, 0x0000000710e00000, 0x0000000710f00000|  0%| F|  |TAMS 0x0000000710e00000, 0x0000000710e00000| Untracked 
| 217|0x0000000710f00000, 0x0000000710f00000, 0x0000000711000000|  0%| F|  |TAMS 0x0000000710f00000, 0x0000000710f00000| Untracked 
| 218|0x0000000711000000, 0x0000000711000000, 0x0000000711100000|  0%| F|  |TAMS 0x0000000711000000, 0x0000000711000000| Untracked 
| 219|0x0000000711100000, 0x0000000711100000, 0x0000000711200000|  0%| F|  |TAMS 0x0000000711100000, 0x0000000711100000| Untracked 
| 220|0x0000000711200000, 0x0000000711200000, 0x0000000711300000|  0%| F|  |TAMS 0x0000000711200000, 0x0000000711200000| Untracked 
| 221|0x0000000711300000, 0x0000000711300000, 0x0000000711400000|  0%| F|  |TAMS 0x0000000711300000, 0x0000000711300000| Untracked 
| 222|0x0000000711400000, 0x0000000711400000, 0x0000000711500000|  0%| F|  |TAMS 0x0000000711400000, 0x0000000711400000| Untracked 
| 223|0x0000000711500000, 0x0000000711500000, 0x0000000711600000|  0%| F|  |TAMS 0x0000000711500000, 0x0000000711500000| Untracked 
| 224|0x0000000711600000, 0x0000000711600000, 0x0000000711700000|  0%| F|  |TAMS 0x0000000711600000, 0x0000000711600000| Untracked 
| 225|0x0000000711700000, 0x0000000711700000, 0x0000000711800000|  0%| F|  |TAMS 0x0000000711700000, 0x0000000711700000| Untracked 
| 226|0x0000000711800000, 0x0000000711800000, 0x0000000711900000|  0%| F|  |TAMS 0x0000000711800000, 0x0000000711800000| Untracked 
| 227|0x0000000711900000, 0x0000000711900000, 0x0000000711a00000|  0%| F|  |TAMS 0x0000000711900000, 0x0000000711900000| Untracked 
| 228|0x0000000711a00000, 0x0000000711a00000, 0x0000000711b00000|  0%| F|  |TAMS 0x0000000711a00000, 0x0000000711a00000| Untracked 
| 229|0x0000000711b00000, 0x0000000711b00000, 0x0000000711c00000|  0%| F|  |TAMS 0x0000000711b00000, 0x0000000711b00000| Untracked 
| 230|0x0000000711c00000, 0x0000000711c00000, 0x0000000711d00000|  0%| F|  |TAMS 0x0000000711c00000, 0x0000000711c00000| Untracked 
| 231|0x0000000711d00000, 0x0000000711d00000, 0x0000000711e00000|  0%| F|  |TAMS 0x0000000711d00000, 0x0000000711d00000| Untracked 
| 232|0x0000000711e00000, 0x0000000711e00000, 0x0000000711f00000|  0%| F|  |TAMS 0x0000000711e00000, 0x0000000711e00000| Untracked 
| 233|0x0000000711f00000, 0x0000000711f00000, 0x0000000712000000|  0%| F|  |TAMS 0x0000000711f00000, 0x0000000711f00000| Untracked 
| 234|0x0000000712000000, 0x0000000712000000, 0x0000000712100000|  0%| F|  |TAMS 0x0000000712000000, 0x0000000712000000| Untracked 
| 235|0x0000000712100000, 0x0000000712100000, 0x0000000712200000|  0%| F|  |TAMS 0x0000000712100000, 0x0000000712100000| Untracked 
| 236|0x0000000712200000, 0x0000000712200000, 0x0000000712300000|  0%| F|  |TAMS 0x0000000712200000, 0x0000000712200000| Untracked 
| 237|0x0000000712300000, 0x0000000712300000, 0x0000000712400000|  0%| F|  |TAMS 0x0000000712300000, 0x0000000712300000| Untracked 
| 238|0x0000000712400000, 0x0000000712400000, 0x0000000712500000|  0%| F|  |TAMS 0x0000000712400000, 0x0000000712400000| Untracked 
| 239|0x0000000712500000, 0x0000000712500000, 0x0000000712600000|  0%| F|  |TAMS 0x0000000712500000, 0x0000000712500000| Untracked 
| 240|0x0000000712600000, 0x0000000712600000, 0x0000000712700000|  0%| F|  |TAMS 0x0000000712600000, 0x0000000712600000| Untracked 
| 241|0x0000000712700000, 0x0000000712700000, 0x0000000712800000|  0%| F|  |TAMS 0x0000000712700000, 0x0000000712700000| Untracked 
| 242|0x0000000712800000, 0x0000000712800000, 0x0000000712900000|  0%| F|  |TAMS 0x0000000712800000, 0x0000000712800000| Untracked 
| 243|0x0000000712900000, 0x0000000712900000, 0x0000000712a00000|  0%| F|  |TAMS 0x0000000712900000, 0x0000000712900000| Untracked 
| 244|0x0000000712a00000, 0x0000000712a00000, 0x0000000712b00000|  0%| F|  |TAMS 0x0000000712a00000, 0x0000000712a00000| Untracked 
| 245|0x0000000712b00000, 0x0000000712b00000, 0x0000000712c00000|  0%| F|  |TAMS 0x0000000712b00000, 0x0000000712b00000| Untracked 
| 246|0x0000000712c00000, 0x0000000712c00000, 0x0000000712d00000|  0%| F|  |TAMS 0x0000000712c00000, 0x0000000712c00000| Untracked 
| 247|0x0000000712d00000, 0x0000000712d00000, 0x0000000712e00000|  0%| F|  |TAMS 0x0000000712d00000, 0x0000000712d00000| Untracked 
| 248|0x0000000712e00000, 0x0000000712e00000, 0x0000000712f00000|  0%| F|  |TAMS 0x0000000712e00000, 0x0000000712e00000| Untracked 
| 249|0x0000000712f00000, 0x0000000712f00000, 0x0000000713000000|  0%| F|  |TAMS 0x0000000712f00000, 0x0000000712f00000| Untracked 
| 250|0x0000000713000000, 0x0000000713000000, 0x0000000713100000|  0%| F|  |TAMS 0x0000000713000000, 0x0000000713000000| Untracked 
| 251|0x0000000713100000, 0x00000007131f6450, 0x0000000713200000| 96%| E|  |TAMS 0x0000000713100000, 0x0000000713100000| Complete 
| 252|0x0000000713200000, 0x0000000713300000, 0x0000000713300000|100%| E|CS|TAMS 0x0000000713200000, 0x0000000713200000| Complete 
| 253|0x0000000713300000, 0x0000000713400000, 0x0000000713400000|100%| E|CS|TAMS 0x0000000713300000, 0x0000000713300000| Complete 

Card table byte_map: [0x0000020120150000,0x0000020120940000] _byte_map_base: 0x000002011c935000

Marking Bits (Prev, Next): (CMBitMap*) 0x0000020107efe668, (CMBitMap*) 0x0000020107efe6a0
 Prev Bits: [0x0000020121130000, 0x0000020125058000)
 Next Bits: [0x0000020125060000, 0x0000020128f88000)

Polling page: 0x0000020105d50000

Metaspace:

Usage:
  Non-class:      6.00 MB capacity,     5.96 MB (>99%) used,    34.51 KB ( <1%) free+waste,     4.44 KB ( <1%) overhead. 
      Class:    643.00 KB capacity,   582.12 KB ( 91%) used,    58.70 KB (  9%) free+waste,     2.19 KB ( <1%) overhead. 
       Both:      6.63 MB capacity,     6.53 MB ( 99%) used,    93.20 KB (  1%) free+waste,     6.62 KB ( <1%) overhead. 

Virtual space:
  Non-class space:        8.00 MB reserved,       6.00 MB ( 75%) committed 
      Class space:        1.00 GB reserved,     768.00 KB ( <1%) committed 
             Both:        1.01 GB reserved,       6.75 MB ( <1%) committed 

Chunk freelists:
   Non-Class:  1.00 KB
       Class:  29.00 KB
        Both:  30.00 KB

MaxMetaspaceSize: 17179869184.00 GB
CompressedClassSpaceSize: 1.00 GB
Initial GC threshold: 20.80 MB
Current GC threshold: 20.80 MB
CDS: off

CodeHeap 'non-profiled nmethods': size=120000Kb used=99Kb max_used=99Kb free=119901Kb
 bounds [0x0000020118100000, 0x0000020118370000, 0x000002011f630000]
CodeHeap 'profiled nmethods': size=120000Kb used=367Kb max_used=367Kb free=119632Kb
 bounds [0x0000020110bd0000, 0x0000020110e40000, 0x0000020118100000]
CodeHeap 'non-nmethods': size=5760Kb used=1109Kb max_used=1133Kb free=4650Kb
 bounds [0x0000020110630000, 0x00000201108a0000, 0x0000020110bd0000]
 total_blobs=662 nmethods=319 adapters=256
 compilation: enabled
              stopped_count=0, restarted_count=0
 full_count=0

Compilation events (20 events):
Event: 0.168 Thread 0x000002012c612000  311       4       java.util.zip.ZipFile$Source::getEntryNext (9 bytes)
Event: 0.168 Thread 0x000002012c447800 nmethod 309 0x0000020110c27590 code [0x0000020110c27860, 0x0000020110c28768]
Event: 0.168 Thread 0x000002012c447800  312       3       java.util.zip.ZipFile$Source::getEntryPos (206 bytes)
Event: 0.168 Thread 0x000002012c43e800 nmethod 310 0x0000020118118010 code [0x00000201181181a0, 0x0000020118118238]
Event: 0.168 Thread 0x000002012c612000 nmethod 311 0x0000020118118310 code [0x00000201181184a0, 0x0000020118118538]
Event: 0.169 Thread 0x000002012c447800 nmethod 312 0x0000020110c28c90 code [0x0000020110c28f20, 0x0000020110c29cc8]
Event: 0.170 Thread 0x000002012c447800  313       3       sun.nio.cs.SingleByte$Encoder::encode (32 bytes)
Event: 0.170 Thread 0x000002012c447800 nmethod 313 0x0000020110c2a390 code [0x0000020110c2a540, 0x0000020110c2a6f8]
Event: 0.170 Thread 0x000002012c447800  314       3       java.util.Collections$UnmodifiableCollection$1::next (10 bytes)
Event: 0.170 Thread 0x000002012c447800 nmethod 314 0x0000020110c2a810 code [0x0000020110c2a9c0, 0x0000020110c2ab88]
Event: 0.170 Thread 0x000002012c447800  315       1       java.nio.Buffer::position (5 bytes)
Event: 0.170 Thread 0x000002012c447800 nmethod 315 0x0000020118118610 code [0x00000201181187c0, 0x0000020118118878]
Event: 0.170 Thread 0x000002012c447800  316       1       java.nio.Buffer::limit (5 bytes)
Event: 0.170 Thread 0x000002012c447800 nmethod 316 0x0000020118118910 code [0x0000020118118ac0, 0x0000020118118b78]
Event: 0.171 Thread 0x000002012c447800  317       3       java.nio.Buffer::position (52 bytes)
Event: 0.171 Thread 0x000002012c447800 nmethod 317 0x0000020110c2ac90 code [0x0000020110c2ae60, 0x0000020110c2b0c8]
Event: 0.171 Thread 0x000002012c447800  318       3       java.nio.ByteBuffer::arrayOffset (35 bytes)
Event: 0.171 Thread 0x000002012c447800 nmethod 318 0x0000020110c2b190 code [0x0000020110c2b360, 0x0000020110c2b5d8]
Event: 0.171 Thread 0x000002012c447800  319       3       java.nio.CharBuffer::arrayOffset (35 bytes)
Event: 0.171 Thread 0x000002012c447800 nmethod 319 0x0000020110c2b710 code [0x0000020110c2b8e0, 0x0000020110c2bb58]

GC Heap History (0 events):
No events

Deoptimization events (20 events):
Event: 0.131 Thread 0x0000020107e99800 Uncommon trap: trap_request=0xffffffde fr.pc=0x000002011810dfa8 relative=0x0000000000000b28
Event: 0.131 Thread 0x0000020107e99800 Uncommon trap: reason=class_check action=maybe_recompile pc=0x000002011810dfa8 method=java.util.HashMap.putVal(ILjava/lang/Object;Ljava/lang/Object;ZZ)Ljava/lang/Object; @ 152 c2
Event: 0.131 Thread 0x0000020107e99800 DEOPT PACKING pc=0x000002011810dfa8 sp=0x000000b73bafc830
Event: 0.131 Thread 0x0000020107e99800 DEOPT UNPACKING pc=0x00000201106385af sp=0x000000b73bafc7b0 mode 2
Event: 0.134 Thread 0x0000020107e99800 Uncommon trap: trap_request=0xffffffde fr.pc=0x000002011810dfa8 relative=0x0000000000000b28
Event: 0.134 Thread 0x0000020107e99800 Uncommon trap: reason=class_check action=maybe_recompile pc=0x000002011810dfa8 method=java.util.HashMap.putVal(ILjava/lang/Object;Ljava/lang/Object;ZZ)Ljava/lang/Object; @ 152 c2
Event: 0.134 Thread 0x0000020107e99800 DEOPT PACKING pc=0x000002011810dfa8 sp=0x000000b73bafab30
Event: 0.134 Thread 0x0000020107e99800 DEOPT UNPACKING pc=0x00000201106385af sp=0x000000b73bafaab0 mode 2
Event: 0.134 Thread 0x0000020107e99800 Uncommon trap: trap_request=0xffffffde fr.pc=0x000002011810dfa8 relative=0x0000000000000b28
Event: 0.134 Thread 0x0000020107e99800 Uncommon trap: reason=class_check action=maybe_recompile pc=0x000002011810dfa8 method=java.util.HashMap.putVal(ILjava/lang/Object;Ljava/lang/Object;ZZ)Ljava/lang/Object; @ 152 c2
Event: 0.134 Thread 0x0000020107e99800 DEOPT PACKING pc=0x000002011810dfa8 sp=0x000000b73bafab30
Event: 0.134 Thread 0x0000020107e99800 DEOPT UNPACKING pc=0x00000201106385af sp=0x000000b73bafaab0 mode 2
Event: 0.134 Thread 0x0000020107e99800 Uncommon trap: trap_request=0xffffffde fr.pc=0x000002011810dfa8 relative=0x0000000000000b28
Event: 0.134 Thread 0x0000020107e99800 Uncommon trap: reason=class_check action=maybe_recompile pc=0x000002011810dfa8 method=java.util.HashMap.putVal(ILjava/lang/Object;Ljava/lang/Object;ZZ)Ljava/lang/Object; @ 152 c2
Event: 0.134 Thread 0x0000020107e99800 DEOPT PACKING pc=0x000002011810dfa8 sp=0x000000b73bafab30
Event: 0.134 Thread 0x0000020107e99800 DEOPT UNPACKING pc=0x00000201106385af sp=0x000000b73bafaab0 mode 2
Event: 0.138 Thread 0x0000020107e99800 DEOPT PACKING pc=0x0000020110c0a54b sp=0x000000b73bafaab0
Event: 0.138 Thread 0x0000020107e99800 DEOPT UNPACKING pc=0x0000020110679d0e sp=0x000000b73baf9f80 mode 0
Event: 0.138 Thread 0x0000020107e99800 DEOPT PACKING pc=0x0000020110c0a54b sp=0x000000b73bafaab0
Event: 0.138 Thread 0x0000020107e99800 DEOPT UNPACKING pc=0x0000020110679d0e sp=0x000000b73baf9f80 mode 0

Classes redefined (0 events):
No events

Internal exceptions (2 events):
Event: 0.169 Thread 0x0000020107e99800 Exception <a 'java/io/FileNotFoundException'{0x00000007131ce7f8}> (0x00000007131ce7f8) thrown at [s\src\hotspot\share\prims\jni.cpp, line 617]
Event: 0.171 Thread 0x0000020107e99800 Exception <a 'java/lang/reflect/InvocationTargetException'{0x00000007131d4a50}> (0x00000007131d4a50) thrown at [s\src\hotspot\share\runtime\reflection.cpp, line 1245]

Events (20 events):
Event: 0.166 loading class org/jacoco/agent/rt/internal_43f5073/core/runtime/AbstractRuntime
Event: 0.166 loading class org/jacoco/agent/rt/internal_43f5073/core/runtime/AbstractRuntime done
Event: 0.167 loading class org/jacoco/agent/rt/internal_43f5073/Agent$2
Event: 0.167 loading class org/jacoco/agent/rt/internal_43f5073/Agent$2 done
Event: 0.167 loading class java/lang/NoSuchFieldError
Event: 0.167 loading class java/lang/IncompatibleClassChangeError
Event: 0.167 loading class java/lang/IncompatibleClassChangeError done
Event: 0.167 loading class java/lang/NoSuchFieldError done
Event: 0.167 loading class org/jacoco/agent/rt/internal_43f5073/output/FileOutput
Event: 0.167 loading class org/jacoco/agent/rt/internal_43f5073/output/FileOutput done
Event: 0.169 loading class java/io/FileNotFoundException
Event: 0.169 loading class java/io/FileNotFoundException done
Event: 0.169 loading class java/lang/Throwable$WrappedPrintStream
Event: 0.169 loading class java/lang/Throwable$PrintStreamOrWriter
Event: 0.169 loading class java/lang/Throwable$PrintStreamOrWriter done
Event: 0.169 loading class java/lang/Throwable$WrappedPrintStream done
Event: 0.170 loading class java/lang/StackTraceElement$HashedModules
Event: 0.170 loading class java/lang/StackTraceElement$HashedModules done
Event: 0.170 loading class java/lang/reflect/InvocationTargetException
Event: 0.170 loading class java/lang/reflect/InvocationTargetException done


Dynamic libraries:
0x00007ff78cc10000 - 0x00007ff78cc1e000 	C:\Users\катя\.jdks\corretto-11.0.22\bin\java.exe
0x00007fff9e8d0000 - 0x00007fff9eac8000 	C:\WINDOWS\SYSTEM32\ntdll.dll
0x00007fff9d470000 - 0x00007fff9d52d000 	C:\WINDOWS\System32\KERNEL32.DLL
0x00007fff9c0f0000 - 0x00007fff9c3e6000 	C:\WINDOWS\System32\KERNELBASE.dll
0x00007fff9c550000 - 0x00007fff9c650000 	C:\WINDOWS\System32\ucrtbase.dll
0x00007fff70e80000 - 0x00007fff70e9b000 	C:\Users\катя\.jdks\corretto-11.0.22\bin\VCRUNTIME140.dll
0x00007fff74ec0000 - 0x00007fff74ed7000 	C:\Users\катя\.jdks\corretto-11.0.22\bin\jli.dll
0x00007fff9d2d0000 - 0x00007fff9d46f000 	C:\WINDOWS\System32\USER32.dll
0x00007fff9c3f0000 - 0x00007fff9c412000 	C:\WINDOWS\System32\win32u.dll
0x00007fff7bab0000 - 0x00007fff7bd4a000 	C:\WINDOWS\WinSxS\amd64_microsoft.windows.common-controls_6595b64144ccf1df_6.0.19041.3636_none_60b6a03d71f818d5\COMCTL32.dll
0x00007fff9cd70000 - 0x00007fff9cd9b000 	C:\WINDOWS\System32\GDI32.dll
0x00007fff9ca50000 - 0x00007fff9caee000 	C:\WINDOWS\System32\msvcrt.dll
0x00007fff9c650000 - 0x00007fff9c767000 	C:\WINDOWS\System32\gdi32full.dll
0x00007fff9bfe0000 - 0x00007fff9c07d000 	C:\WINDOWS\System32\msvcp_win.dll
0x00007fff9e570000 - 0x00007fff9e5a2000 	C:\WINDOWS\System32\IMM32.DLL
0x00007fff74e60000 - 0x00007fff74e6c000 	C:\Users\катя\.jdks\corretto-11.0.22\bin\vcruntime140_1.dll
0x00007fff67e10000 - 0x00007fff67e9d000 	C:\Users\катя\.jdks\corretto-11.0.22\bin\msvcp140.dll
0x00007ffeda150000 - 0x00007ffedad13000 	C:\Users\катя\.jdks\corretto-11.0.22\bin\server\jvm.dll
0x00007fff9e4a0000 - 0x00007fff9e550000 	C:\WINDOWS\System32\ADVAPI32.dll
0x00007fff9dbb0000 - 0x00007fff9dc50000 	C:\WINDOWS\System32\sechost.dll
0x00007fff9cc40000 - 0x00007fff9cd63000 	C:\WINDOWS\System32\RPCRT4.dll
0x00007fff9c4d0000 - 0x00007fff9c4f7000 	C:\WINDOWS\System32\bcrypt.dll
0x00007fff9cda0000 - 0x00007fff9cda8000 	C:\WINDOWS\System32\PSAPI.DLL
0x00007fff95270000 - 0x00007fff95279000 	C:\WINDOWS\SYSTEM32\WSOCK32.dll
0x00007fff8e0f0000 - 0x00007fff8e117000 	C:\WINDOWS\SYSTEM32\WINMM.dll
0x00007fff93680000 - 0x00007fff9368a000 	C:\WINDOWS\SYSTEM32\VERSION.dll
0x00007fff9e5b0000 - 0x00007fff9e61b000 	C:\WINDOWS\System32\WS2_32.dll
0x00007fff9a770000 - 0x00007fff9a782000 	C:\WINDOWS\SYSTEM32\kernel.appcore.dll
0x00007fff71200000 - 0x00007fff71210000 	C:\Users\катя\.jdks\corretto-11.0.22\bin\verify.dll
0x00007fff99370000 - 0x00007fff99554000 	C:\WINDOWS\SYSTEM32\DBGHELP.DLL
0x00007fff81dd0000 - 0x00007fff81e04000 	C:\WINDOWS\SYSTEM32\dbgcore.DLL
0x00007fff9bf50000 - 0x00007fff9bfd2000 	C:\WINDOWS\System32\bcryptPrimitives.dll
0x00007fff709c0000 - 0x00007fff709e8000 	C:\Users\катя\.jdks\corretto-11.0.22\bin\java.dll
0x00007fff70e20000 - 0x00007fff70e2a000 	C:\Users\катя\.jdks\corretto-11.0.22\bin\jimage.dll
0x00007fff709b0000 - 0x00007fff709be000 	C:\Users\катя\.jdks\corretto-11.0.22\bin\instrument.dll
0x00007fff70950000 - 0x00007fff70968000 	C:\Users\катя\.jdks\corretto-11.0.22\bin\zip.dll
0x00007fff9dd30000 - 0x00007fff9e49b000 	C:\WINDOWS\System32\SHELL32.dll
0x00007fff99e00000 - 0x00007fff9a59e000 	C:\WINDOWS\SYSTEM32\windows.storage.dll
0x00007fff9d540000 - 0x00007fff9d893000 	C:\WINDOWS\System32\combase.dll
0x00007fff9b980000 - 0x00007fff9b9ae000 	C:\WINDOWS\SYSTEM32\Wldp.dll
0x00007fff9c8d0000 - 0x00007fff9c99d000 	C:\WINDOWS\System32\OLEAUT32.dll
0x00007fff9c9a0000 - 0x00007fff9ca4d000 	C:\WINDOWS\System32\SHCORE.dll
0x00007fff9dcd0000 - 0x00007fff9dd25000 	C:\WINDOWS\System32\shlwapi.dll
0x00007fff9be80000 - 0x00007fff9bea3000 	C:\WINDOWS\SYSTEM32\profapi.dll
0x00007fff70930000 - 0x00007fff70949000 	C:\Users\катя\.jdks\corretto-11.0.22\bin\net.dll
0x00007fff96d10000 - 0x00007fff96e1a000 	C:\WINDOWS\SYSTEM32\WINHTTP.dll
0x00007fff9b6e0000 - 0x00007fff9b74a000 	C:\WINDOWS\system32\mswsock.dll
0x00007fff67ba0000 - 0x00007fff67bb2000 	C:\Users\катя\.jdks\corretto-11.0.22\bin\nio.dll
0x00007fff3cad0000 - 0x00007fff3cae7000 	C:\WINDOWS\system32\napinsp.dll
0x00007fff3cab0000 - 0x00007fff3cacb000 	C:\WINDOWS\system32\pnrpnsp.dll
0x00007fff96e30000 - 0x00007fff96e4d000 	C:\WINDOWS\system32\NLAapi.dll
0x00007fff9b370000 - 0x00007fff9b3ab000 	C:\WINDOWS\SYSTEM32\IPHLPAPI.DLL
0x00007fff9b3b0000 - 0x00007fff9b47b000 	C:\WINDOWS\SYSTEM32\DNSAPI.dll
0x00007fff9d530000 - 0x00007fff9d538000 	C:\WINDOWS\System32\NSI.dll
0x00007fff7a780000 - 0x00007fff7a795000 	C:\WINDOWS\system32\wshbth.dll
0x00007fff3ca90000 - 0x00007fff3caa2000 	C:\WINDOWS\System32\winrnr.dll
0x00007fff93700000 - 0x00007fff9370a000 	C:\Windows\System32\rasadhlp.dll
0x00007fff8e870000 - 0x00007fff8e8f0000 	C:\WINDOWS\System32\fwpuclnt.dll

dbghelp: loaded successfully - version: 4.0.5 - missing functions: none
symbol engine: initialized successfully - sym options: 0x614 - pdb path: .;C:\Users\катя\.jdks\corretto-11.0.22\bin;C:\WINDOWS\SYSTEM32;C:\WINDOWS\WinSxS\amd64_microsoft.windows.common-controls_6595b64144ccf1df_6.0.19041.3636_none_60b6a03d71f818d5;C:\Users\катя\.jdks\corretto-11.0.22\bin\server

VM Arguments:
jvm_args: -javaagent:C:\\Users\\катя\\.m2\\repository\\org\\jacoco\\org.jacoco.agent\\0.8.5\\org.jacoco.agent-0.8.5-runtime.jar=destfile=C:\\Users\\катя\\IdeaProjects\\homework.8\\target\\jacoco.exec 
java_command: C:\Users\916C~1\AppData\Local\Temp\surefire11756593515345508238\surefirebooter2031336466261224214.jar C:\Users\катя\AppData\Local\Temp\surefire11756593515345508238 2024-04-22T23-30-30_321-jvmRun1 surefire9375048241099844202tmp surefire_03285927363651209438tmp
java_class_path (initial): C:\Users\916C~1\AppData\Local\Temp\surefire11756593515345508238\surefirebooter2031336466261224214.jar
Launcher Type: SUN_STANDARD

[Global flags]
     intx CICompilerCount                          = 4                                         {product} {ergonomic}
     uint ConcGCThreads                            = 2                                         {product} {ergonomic}
     uint G1ConcRefinementThreads                  = 8                                         {product} {ergonomic}
   size_t G1HeapRegionSize                         = 1048576                                   {product} {ergonomic}
    uintx GCDrainStackTargetSize                   = 64                                        {product} {ergonomic}
   size_t InitialHeapSize                          = 266338304                                 {product} {ergonomic}
   size_t MarkStackSize                            = 4194304                                   {product} {ergonomic}
   size_t MaxHeapSize                              = 4238344192                                {product} {ergonomic}
   size_t MaxNewSize                               = 2542796800                                {product} {ergonomic}
   size_t MinHeapDeltaBytes                        = 1048576                                   {product} {ergonomic}
    uintx NonNMethodCodeHeapSize                   = 5836300                                {pd product} {ergonomic}
    uintx NonProfiledCodeHeapSize                  = 122910970                              {pd product} {ergonomic}
    uintx ProfiledCodeHeapSize                     = 122910970                              {pd product} {ergonomic}
    uintx ReservedCodeCacheSize                    = 251658240                              {pd product} {ergonomic}
     bool SegmentedCodeCache                       = true                                      {product} {ergonomic}
     bool UseCompressedClassPointers               = true                                 {lp64_product} {ergonomic}
     bool UseCompressedOops                        = true                                 {lp64_product} {ergonomic}
     bool UseG1GC                                  = true                                      {product} {ergonomic}
     bool UseLargePagesIndividualAllocation        = false                                  {pd product} {ergonomic}

Logging:
Log output configuration:
 #0: stdout all=warning uptime,level,tags
 #1: stderr all=off uptime,level,tags

Environment Variables:
PATH=C:\Program Files\Eclipse Adoptium\jdk-11.0.21.9-hotspot\bin;C:\Windows\System32\HWAudioDriverLibs;C:\Windows\system32;C:\Windows;C:\Windows\System32\Wbem;C:\Windows\System32\WindowsPowerShell\v1.0\;C:\Windows\System32\OpenSSH\;C:\Users\Administrator\AppData\Local\Microsoft\WindowsApps;C:\WINDOWS\system32;C:\WINDOWS;C:\WINDOWS\System32\Wbem;C:\WINDOWS\System32\WindowsPowerShell\v1.0\;C:\WINDOWS\System32\OpenSSH\;C:\Program Files\Git\cmd;C:\Users\катя\AppData\Local\Microsoft\WindowsApps;C:\Users\катя\AppData\Local\Programs\Microsoft VS Code\bin
USERNAME=катя
OS=Windows_NT
PROCESSOR_IDENTIFIER=Intel64 Family 6 Model 140 Stepping 1, GenuineIntel
TMP=C:\Users\916C~1\AppData\Local\Temp
TEMP=C:\Users\916C~1\AppData\Local\Temp



---------------  S Y S T E M  ---------------

OS: Windows 10 , 64 bit Build 19041 (10.0.19041.3636)
OS uptime: 0 days 0:09 hours

CPU:total 8 (initial active 8) (4 cores per cpu, 2 threads per core) family 6 model 140 stepping 1 microcode 0x9a, cmov, cx8, fxsr, mmx, sse, sse2, sse3, ssse3, sse4.1, sse4.2, popcnt, avx, avx2, aes, clmul, erms, 3dnowpref, lzcnt, ht, tsc, tscinvbit, bmi1, bmi2, adx, evex, sha, fma

Memory: 4k page, system-wide physical 16167M (7731M free)
TotalPageFile size 18599M (AvailPageFile size 8678M)
current process WorkingSet (physical memory assigned to process): 45M, peak: 45M
current process commit charge ("private bytes"): 340M, peak: 340M

vm_info: OpenJDK 64-Bit Server VM (11.0.22+7-LTS) for windows-amd64 JRE (11.0.22+7-LTS), built on Jan 10 2024 19:54:00 by "Administrator" with MS VC++ 16.10 / 16.11 (VS2019)

END.
